[1/14] cl /c /Zp8 /GR /W3 /EHs /nologo /MD /D_CRT_SECURE_NO_DEPRECATE /D_SCL_SECURE_NO_DEPRECATE /D_SECURE_SCL=0   /DMATLAB_MEX_FILE  /DMATLAB_MEX_FILE /O2 /Oy- /DNDEBUG /fp:strict /utf-8 /I "." /I "D:\Fred\MATLAB_Library(Github)\DL_Num\example\3.Áï∞Â∏∏ÂÅµÊ∏¨\1.ML_Anomaly" /I ".\interface" /I "C:\Program Files\MATLAB\R2024a\extern\include" /I "." -DMODEL=myIsanomalySVM_mex   myIsanomalySVM_data.c /Fobuild\win64\myIsanomalySVM_data.obj
myIsanomalySVM_data.c
[2/14] cl /c /Zp8 /GR /W3 /EHs /nologo /MD /D_CRT_SECURE_NO_DEPRECATE /D_SCL_SECURE_NO_DEPRECATE /D_SECURE_SCL=0   /DMATLAB_MEX_FILE  /DMATLAB_MEX_FILE /O2 /Oy- /DNDEBUG /fp:strict /utf-8 /I "." /I "D:\Fred\MATLAB_Library(Github)\DL_Num\example\3.Áï∞Â∏∏ÂÅµÊ∏¨\1.ML_Anomaly" /I ".\interface" /I "C:\Program Files\MATLAB\R2024a\extern\include" /I "." -DMODEL=myIsanomalySVM_mex   myIsanomalySVM_terminate.c /Fobuild\win64\myIsanomalySVM_terminate.obj
myIsanomalySVM_terminate.c
[3/14] cl /c /Zp8 /GR /W3 /EHs /nologo /MD /D_CRT_SECURE_NO_DEPRECATE /D_SCL_SECURE_NO_DEPRECATE /D_SECURE_SCL=0   /DMATLAB_MEX_FILE  /DMATLAB_MEX_FILE /O2 /Oy- /DNDEBUG /fp:strict /utf-8 /I "." /I "D:\Fred\MATLAB_Library(Github)\DL_Num\example\3.Áï∞Â∏∏ÂÅµÊ∏¨\1.ML_Anomaly" /I ".\interface" /I "C:\Program Files\MATLAB\R2024a\extern\include" /I "." -DMODEL=myIsanomalySVM_mex   interface\_coder_myIsanomalySVM_info.c /Fobuild\win64\_coder_myIsanomalySVM_info.obj
_coder_myIsanomalySVM_info.c
[4/14] cl /c /Zp8 /GR /W3 /EHs /nologo /MD /D_CRT_SECURE_NO_DEPRECATE /D_SCL_SECURE_NO_DEPRECATE /D_SECURE_SCL=0   /DMATLAB_MEX_FILE  /DMATLAB_MEX_FILE /O2 /Oy- /DNDEBUG /fp:strict /utf-8 /I "." /I "D:\Fred\MATLAB_Library(Github)\DL_Num\example\3.Áï∞Â∏∏ÂÅµÊ∏¨\1.ML_Anomaly" /I ".\interface" /I "C:\Program Files\MATLAB\R2024a\extern\include" /I "." -DMODEL=myIsanomalySVM_mex   eml_int_forloop_overflow_check.c /Fobuild\win64\eml_int_forloop_overflow_check.obj
eml_int_forloop_overflow_check.c
[5/14] cl /c /Zp8 /GR /W3 /EHs /nologo /MD /D_CRT_SECURE_NO_DEPRECATE /D_SCL_SECURE_NO_DEPRECATE /D_SECURE_SCL=0   /DMATLAB_MEX_FILE  /DMATLAB_MEX_FILE /O2 /Oy- /DNDEBUG /fp:strict /utf-8 /I "." /I "D:\Fred\MATLAB_Library(Github)\DL_Num\example\3.Áï∞Â∏∏ÂÅµÊ∏¨\1.ML_Anomaly" /I ".\interface" /I "C:\Program Files\MATLAB\R2024a\extern\include" /I "." -DMODEL=myIsanomalySVM_mex   Gaussian.c /Fobuild\win64\Gaussian.obj
Gaussian.c
[6/14] cl /c /Zp8 /GR /W3 /EHs /nologo /MD /D_CRT_SECURE_NO_DEPRECATE /D_SCL_SECURE_NO_DEPRECATE /D_SECURE_SCL=0   /DMATLAB_MEX_FILE  /DMATLAB_MEX_FILE /O2 /Oy- /DNDEBUG /fp:strict /utf-8 /I "." /I "D:\Fred\MATLAB_Library(Github)\DL_Num\example\3.Áï∞Â∏∏ÂÅµÊ∏¨\1.ML_Anomaly" /I ".\interface" /I "C:\Program Files\MATLAB\R2024a\extern\include" /I "." -DMODEL=myIsanomalySVM_mex   interface\_coder_myIsanomalySVM_mex.c /Fobuild\win64\_coder_myIsanomalySVM_mex.obj
_coder_myIsanomalySVM_mex.c
[7/14] cl /c /Zp8 /GR /W3 /EHs /nologo /MD /D_CRT_SECURE_NO_DEPRECATE /D_SCL_SECURE_NO_DEPRECATE /D_SECURE_SCL=0   /DMATLAB_MEX_FILE  /DMATLAB_MEX_FILE /O2 /Oy- /DNDEBUG /fp:strict /utf-8 /I "." /I "D:\Fred\MATLAB_Library(Github)\DL_Num\example\3.Áï∞Â∏∏ÂÅµÊ∏¨\1.ML_Anomaly" /I ".\interface" /I "C:\Program Files\MATLAB\R2024a\extern\include" /I "." -DMODEL=myIsanomalySVM_mex   "C:\Program Files\MATLAB\R2024a\extern\version\c_mexapi_version.c" /Fobuild\win64\c_mexapi_version.obj
c_mexapi_version.c
[8/14] cl /c /Zp8 /GR /W3 /EHs /nologo /MD /D_CRT_SECURE_NO_DEPRECATE /D_SCL_SECURE_NO_DEPRECATE /D_SECURE_SCL=0   /DMATLAB_MEX_FILE  /DMATLAB_MEX_FILE /O2 /Oy- /DNDEBUG /fp:strict /utf-8 /I "." /I "D:\Fred\MATLAB_Library(Github)\DL_Num\example\3.Áï∞Â∏∏ÂÅµÊ∏¨\1.ML_Anomaly" /I ".\interface" /I "C:\Program Files\MATLAB\R2024a\extern\include" /I "." -DMODEL=myIsanomalySVM_mex   myIsanomalySVM_initialize.c /Fobuild\win64\myIsanomalySVM_initialize.obj
myIsanomalySVM_initialize.c
[9/14] cl /c /Zp8 /GR /W3 /EHs /nologo /MD /D_CRT_SECURE_NO_DEPRECATE /D_SCL_SECURE_NO_DEPRECATE /D_SECURE_SCL=0   /DMATLAB_MEX_FILE  /DMATLAB_MEX_FILE /O2 /Oy- /DNDEBUG /fp:strict /utf-8 /I "." /I "D:\Fred\MATLAB_Library(Github)\DL_Num\example\3.Áï∞Â∏∏ÂÅµÊ∏¨\1.ML_Anomaly" /I ".\interface" /I "C:\Program Files\MATLAB\R2024a\extern\include" /I "." -DMODEL=myIsanomalySVM_mex   myIsanomalySVM_emxutil.c /Fobuild\win64\myIsanomalySVM_emxutil.obj
myIsanomalySVM_emxutil.c
[10/14] cl /c /Zp8 /GR /W3 /EHs /nologo /MD /D_CRT_SECURE_NO_DEPRECATE /D_SCL_SECURE_NO_DEPRECATE /D_SECURE_SCL=0   /DMATLAB_MEX_FILE  /DMATLAB_MEX_FILE /O2 /Oy- /DNDEBUG /fp:strict /utf-8 /I "." /I "D:\Fred\MATLAB_Library(Github)\DL_Num\example\3.Áï∞Â∏∏ÂÅµÊ∏¨\1.ML_Anomaly" /I ".\interface" /I "C:\Program Files\MATLAB\R2024a\extern\include" /I "." -DMODEL=myIsanomalySVM_mex   rt_nonfinite.c /Fobuild\win64\rt_nonfinite.obj
rt_nonfinite.c
[11/14] cl /c /Zp8 /GR /W3 /EHs /nologo /MD /D_CRT_SECURE_NO_DEPRECATE /D_SCL_SECURE_NO_DEPRECATE /D_SECURE_SCL=0   /DMATLAB_MEX_FILE  /DMATLAB_MEX_FILE /O2 /Oy- /DNDEBUG /fp:strict /utf-8 /I "." /I "D:\Fred\MATLAB_Library(Github)\DL_Num\example\3.Áï∞Â∏∏ÂÅµÊ∏¨\1.ML_Anomaly" /I ".\interface" /I "C:\Program Files\MATLAB\R2024a\extern\include" /I "." -DMODEL=myIsanomalySVM_mex   interface\_coder_myIsanomalySVM_api.c /Fobuild\win64\_coder_myIsanomalySVM_api.obj
_coder_myIsanomalySVM_api.c
[12/14] cl /c /Zp8 /GR /W3 /EHs /nologo /MD /D_CRT_SECURE_NO_DEPRECATE /D_SCL_SECURE_NO_DEPRECATE /D_SECURE_SCL=0   /DMATLAB_MEX_FILE  /DMATLAB_MEX_FILE /O2 /Oy- /DNDEBUG /fp:strict /utf-8 /I "." /I "D:\Fred\MATLAB_Library(Github)\DL_Num\example\3.Áï∞Â∏∏ÂÅµÊ∏¨\1.ML_Anomaly" /I ".\interface" /I "C:\Program Files\MATLAB\R2024a\extern\include" /I "." -DMODEL=myIsanomalySVM_mex   myIsanomalySVM.c /Fobuild\win64\myIsanomalySVM.obj
myIsanomalySVM.c
[13/14] cl /c /Zp8 /GR /W3 /EHs /nologo /MD /D_CRT_SECURE_NO_DEPRECATE /D_SCL_SECURE_NO_DEPRECATE /D_SECURE_SCL=0   /DMATLAB_MEX_FILE  /DMATLAB_MEX_FILE /O2 /Oy- /DNDEBUG /fp:strict /utf-8 /I "." /I "D:\Fred\MATLAB_Library(Github)\DL_Num\example\3.Áï∞Â∏∏ÂÅµÊ∏¨\1.ML_Anomaly" /I ".\interface" /I "C:\Program Files\MATLAB\R2024a\extern\include" /I "." -DMODEL=myIsanomalySVM_mex   CompactClassificationSVM.c /Fobuild\win64\CompactClassificationSVM.obj
CompactClassificationSVM.c
[14/14] link @myIsanomalySVM_mex.mexw64.rsp  /nologo /manifest   /DLL /LIBPATH:"C:\Program Files\MATLAB\R2024a\extern\lib\win64\microsoft" libmx.lib libmex.lib libmat.lib kernel32.lib user32.lib gdi32.lib winspool.lib comdlg32.lib advapi32.lib shell32.lib ole32.lib oleaut32.lib uuid.lib odbc32.lib odbccp32.lib  /out:"myIsanomalySVM_mex.mexw64" /LIBPATH:"C:\Program Files\MATLAB\R2024a\extern\lib\win64\microsoft" libmwblas.lib libemlrt.lib libcovrt.lib libut.lib libmwmathutil.lib  /export:mexFunction /export:mexfilerequiredapiversion /export:emlrtMexFcnProperties /export:myIsanomalySVM /export:myIsanomalySVM_initialize /export:myIsanomalySVM_terminate /export:myIsanomalySVM_atexit /export:emxEnsureCapacity_boolean_T /export:emxFree_boolean_T /export:emxFree_real32_T /export:emxInit_boolean_T /export:emxInit_real32_T /export:emxEnsureCapacity_real32_T
   •ø¶b´ÿ•ﬂµ{¶°Æw myIsanomalySVM_mex.lib ©M™´•Û myIsanomalySVM_mex.exp
