[1/15] cl /c /Zp8 /GR /W3 /EHs /nologo /MD /D_CRT_SECURE_NO_DEPRECATE /D_SCL_SECURE_NO_DEPRECATE /D_SECURE_SCL=0   /DMATLAB_MEX_FILE  /DMATLAB_MEX_FILE /O2 /Oy- /DNDEBUG /fp:strict /utf-8 /I "." /I "D:\Fred\MATLAB_Library(Github)\DL_Num\example\3.Áï∞Â∏∏ÂÅµÊ∏¨\1.ML_Anomaly" /I ".\interface" /I "C:\Program Files\MATLAB\R2024a\extern\include" /I "." -DMODEL=myIsanomaly_mex /openmp /wd4101  myIsanomaly_data.c /Fobuild\win64\myIsanomaly_data.obj
myIsanomaly_data.c
[2/15] cl /c /Zp8 /GR /W3 /EHs /nologo /MD /D_CRT_SECURE_NO_DEPRECATE /D_SCL_SECURE_NO_DEPRECATE /D_SECURE_SCL=0   /DMATLAB_MEX_FILE  /DMATLAB_MEX_FILE /O2 /Oy- /DNDEBUG /fp:strict /utf-8 /I "." /I "D:\Fred\MATLAB_Library(Github)\DL_Num\example\3.Áï∞Â∏∏ÂÅµÊ∏¨\1.ML_Anomaly" /I ".\interface" /I "C:\Program Files\MATLAB\R2024a\extern\include" /I "." -DMODEL=myIsanomaly_mex /openmp /wd4101  "C:\Program Files\MATLAB\R2024a\extern\version\c_mexapi_version.c" /Fobuild\win64\c_mexapi_version.obj
c_mexapi_version.c
[3/15] cl /c /Zp8 /GR /W3 /EHs /nologo /MD /D_CRT_SECURE_NO_DEPRECATE /D_SCL_SECURE_NO_DEPRECATE /D_SECURE_SCL=0   /DMATLAB_MEX_FILE  /DMATLAB_MEX_FILE /O2 /Oy- /DNDEBUG /fp:strict /utf-8 /I "." /I "D:\Fred\MATLAB_Library(Github)\DL_Num\example\3.Áï∞Â∏∏ÂÅµÊ∏¨\1.ML_Anomaly" /I ".\interface" /I "C:\Program Files\MATLAB\R2024a\extern\include" /I "." -DMODEL=myIsanomaly_mex /openmp /wd4101  rt_nonfinite.c /Fobuild\win64\rt_nonfinite.obj
rt_nonfinite.c
[4/15] cl /c /Zp8 /GR /W3 /EHs /nologo /MD /D_CRT_SECURE_NO_DEPRECATE /D_SCL_SECURE_NO_DEPRECATE /D_SECURE_SCL=0   /DMATLAB_MEX_FILE  /DMATLAB_MEX_FILE /O2 /Oy- /DNDEBUG /fp:strict /utf-8 /I "." /I "D:\Fred\MATLAB_Library(Github)\DL_Num\example\3.Áï∞Â∏∏ÂÅµÊ∏¨\1.ML_Anomaly" /I ".\interface" /I "C:\Program Files\MATLAB\R2024a\extern\include" /I "." -DMODEL=myIsanomaly_mex /openmp /wd4101  interface\_coder_myIsanomaly_info.c /Fobuild\win64\_coder_myIsanomaly_info.obj
_coder_myIsanomaly_info.c
[5/15] cl /c /Zp8 /GR /W3 /EHs /nologo /MD /D_CRT_SECURE_NO_DEPRECATE /D_SCL_SECURE_NO_DEPRECATE /D_SECURE_SCL=0   /DMATLAB_MEX_FILE  /DMATLAB_MEX_FILE /O2 /Oy- /DNDEBUG /fp:strict /utf-8 /I "." /I "D:\Fred\MATLAB_Library(Github)\DL_Num\example\3.Áï∞Â∏∏ÂÅµÊ∏¨\1.ML_Anomaly" /I ".\interface" /I "C:\Program Files\MATLAB\R2024a\extern\include" /I "." -DMODEL=myIsanomaly_mex /openmp /wd4101  myIsanomaly_terminate.c /Fobuild\win64\myIsanomaly_terminate.obj
myIsanomaly_terminate.c
[6/15] cl /c /Zp8 /GR /W3 /EHs /nologo /MD /D_CRT_SECURE_NO_DEPRECATE /D_SCL_SECURE_NO_DEPRECATE /D_SECURE_SCL=0   /DMATLAB_MEX_FILE  /DMATLAB_MEX_FILE /O2 /Oy- /DNDEBUG /fp:strict /utf-8 /I "." /I "D:\Fred\MATLAB_Library(Github)\DL_Num\example\3.Áï∞Â∏∏ÂÅµÊ∏¨\1.ML_Anomaly" /I ".\interface" /I "C:\Program Files\MATLAB\R2024a\extern\include" /I "." -DMODEL=myIsanomaly_mex /openmp /wd4101  myIsanomaly_initialize.c /Fobuild\win64\myIsanomaly_initialize.obj
myIsanomaly_initialize.c
[7/15] cl /c /Zp8 /GR /W3 /EHs /nologo /MD /D_CRT_SECURE_NO_DEPRECATE /D_SCL_SECURE_NO_DEPRECATE /D_SECURE_SCL=0   /DMATLAB_MEX_FILE  /DMATLAB_MEX_FILE /O2 /Oy- /DNDEBUG /fp:strict /utf-8 /I "." /I "D:\Fred\MATLAB_Library(Github)\DL_Num\example\3.Áï∞Â∏∏ÂÅµÊ∏¨\1.ML_Anomaly" /I ".\interface" /I "C:\Program Files\MATLAB\R2024a\extern\include" /I "." -DMODEL=myIsanomaly_mex /openmp /wd4101  interface\_coder_myIsanomaly_mex.c /Fobuild\win64\_coder_myIsanomaly_mex.obj
_coder_myIsanomaly_mex.c
[8/15] cl /c /Zp8 /GR /W3 /EHs /nologo /MD /D_CRT_SECURE_NO_DEPRECATE /D_SCL_SECURE_NO_DEPRECATE /D_SECURE_SCL=0   /DMATLAB_MEX_FILE  /DMATLAB_MEX_FILE /O2 /Oy- /DNDEBUG /fp:strict /utf-8 /I "." /I "D:\Fred\MATLAB_Library(Github)\DL_Num\example\3.Áï∞Â∏∏ÂÅµÊ∏¨\1.ML_Anomaly" /I ".\interface" /I "C:\Program Files\MATLAB\R2024a\extern\include" /I "." -DMODEL=myIsanomaly_mex /openmp /wd4101  eml_int_forloop_overflow_check.c /Fobuild\win64\eml_int_forloop_overflow_check.obj
eml_int_forloop_overflow_check.c
[9/15] cl /c /Zp8 /GR /W3 /EHs /nologo /MD /D_CRT_SECURE_NO_DEPRECATE /D_SCL_SECURE_NO_DEPRECATE /D_SECURE_SCL=0   /DMATLAB_MEX_FILE  /DMATLAB_MEX_FILE /O2 /Oy- /DNDEBUG /fp:strict /utf-8 /I "." /I "D:\Fred\MATLAB_Library(Github)\DL_Num\example\3.Áï∞Â∏∏ÂÅµÊ∏¨\1.ML_Anomaly" /I ".\interface" /I "C:\Program Files\MATLAB\R2024a\extern\include" /I "." -DMODEL=myIsanomaly_mex /openmp /wd4101  myIsanomaly.c /Fobuild\win64\myIsanomaly.obj
myIsanomaly.c
[10/15] cl /c /Zp8 /GR /W3 /EHs /nologo /MD /D_CRT_SECURE_NO_DEPRECATE /D_SCL_SECURE_NO_DEPRECATE /D_SECURE_SCL=0   /DMATLAB_MEX_FILE  /DMATLAB_MEX_FILE /O2 /Oy- /DNDEBUG /fp:strict /utf-8 /I "." /I "D:\Fred\MATLAB_Library(Github)\DL_Num\example\3.Áï∞Â∏∏ÂÅµÊ∏¨\1.ML_Anomaly" /I ".\interface" /I "C:\Program Files\MATLAB\R2024a\extern\include" /I "." -DMODEL=myIsanomaly_mex /openmp /wd4101  myIsanomaly_emxutil.c /Fobuild\win64\myIsanomaly_emxutil.obj
myIsanomaly_emxutil.c
[11/15] cl /c /Zp8 /GR /W3 /EHs /nologo /MD /D_CRT_SECURE_NO_DEPRECATE /D_SCL_SECURE_NO_DEPRECATE /D_SECURE_SCL=0   /DMATLAB_MEX_FILE  /DMATLAB_MEX_FILE /O2 /Oy- /DNDEBUG /fp:strict /utf-8 /I "." /I "D:\Fred\MATLAB_Library(Github)\DL_Num\example\3.Áï∞Â∏∏ÂÅµÊ∏¨\1.ML_Anomaly" /I ".\interface" /I "C:\Program Files\MATLAB\R2024a\extern\include" /I "." -DMODEL=myIsanomaly_mex /openmp /wd4101  cfactor.c /Fobuild\win64\cfactor.obj
cfactor.c
[12/15] cl /c /Zp8 /GR /W3 /EHs /nologo /MD /D_CRT_SECURE_NO_DEPRECATE /D_SCL_SECURE_NO_DEPRECATE /D_SECURE_SCL=0   /DMATLAB_MEX_FILE  /DMATLAB_MEX_FILE /O2 /Oy- /DNDEBUG /fp:strict /utf-8 /I "." /I "D:\Fred\MATLAB_Library(Github)\DL_Num\example\3.Áï∞Â∏∏ÂÅµÊ∏¨\1.ML_Anomaly" /I ".\interface" /I "C:\Program Files\MATLAB\R2024a\extern\include" /I "." -DMODEL=myIsanomaly_mex /openmp /wd4101  IsolationTree.c /Fobuild\win64\IsolationTree.obj
IsolationTree.c
[13/15] cl /c /Zp8 /GR /W3 /EHs /nologo /MD /D_CRT_SECURE_NO_DEPRECATE /D_SCL_SECURE_NO_DEPRECATE /D_SECURE_SCL=0   /DMATLAB_MEX_FILE  /DMATLAB_MEX_FILE /O2 /Oy- /DNDEBUG /fp:strict /utf-8 /I "." /I "D:\Fred\MATLAB_Library(Github)\DL_Num\example\3.Áï∞Â∏∏ÂÅµÊ∏¨\1.ML_Anomaly" /I ".\interface" /I "C:\Program Files\MATLAB\R2024a\extern\include" /I "." -DMODEL=myIsanomaly_mex /openmp /wd4101  interface\_coder_myIsanomaly_api.c /Fobuild\win64\_coder_myIsanomaly_api.obj
_coder_myIsanomaly_api.c
[14/15] cl /c /Zp8 /GR /W3 /EHs /nologo /MD /D_CRT_SECURE_NO_DEPRECATE /D_SCL_SECURE_NO_DEPRECATE /D_SECURE_SCL=0   /DMATLAB_MEX_FILE  /DMATLAB_MEX_FILE /O2 /Oy- /DNDEBUG /fp:strict /utf-8 /I "." /I "D:\Fred\MATLAB_Library(Github)\DL_Num\example\3.Áï∞Â∏∏ÂÅµÊ∏¨\1.ML_Anomaly" /I ".\interface" /I "C:\Program Files\MATLAB\R2024a\extern\include" /I "." -DMODEL=myIsanomaly_mex /openmp /wd4101  IsolationForest.c /Fobuild\win64\IsolationForest.obj
IsolationForest.c
[15/15] link @myIsanomaly_mex.mexw64.rsp  /nologo /manifest   /DLL /LIBPATH:"C:\Program Files\MATLAB\R2024a\extern\lib\win64\microsoft" libmx.lib libmex.lib libmat.lib kernel32.lib user32.lib gdi32.lib winspool.lib comdlg32.lib advapi32.lib shell32.lib ole32.lib oleaut32.lib uuid.lib odbc32.lib odbccp32.lib  /out:"myIsanomaly_mex.mexw64" libemlrt.lib libcovrt.lib libut.lib libmwmathutil.lib libiomp5md.lib /nodefaultlib:vcomp /LIBPATH:"C:\Program Files\MATLAB\R2024a\bin\win64" /export:mexFunction /export:mexfilerequiredapiversion /export:emlrtMexFcnProperties /export:myIsanomaly /export:myIsanomaly_initialize /export:myIsanomaly_terminate /export:myIsanomaly_atexit /export:emxEnsureCapacity_boolean_T /export:emxFree_real32_T /export:emxFree_boolean_T /export:emxInit_real32_T /export:emxInit_boolean_T /export:emxEnsureCapacity_real32_T
   •ø¶b´ÿ•ﬂµ{¶°Æw myIsanomaly_mex.lib ©M™´•Û myIsanomaly_mex.exp
